2017-08-15 14:29:54.619 | JIGUANG | D - [JIGUANGService] Action - JPUSH begin Setup with appkey:95d7300332032f599feb9617 channel:App Store isProduction:FALSE advertisingIdentifier: 551293DB-2F87-49B9-881F-B742CFC88A2D
2017-08-15 14:29:54.680 | JIGUANG | I - [JIGUANGService] 
--------------------------- JPush Log ----------------------------
--------------------JPush SDK Version:3.0.0--build:13----------
--------------------JCore Lib Version:1.0.0------------
-----------------AppKey:95d7300332032f599feb9617----------------
----------------------------------------------------------------
2017-08-15 14:29:54.682 | JIGUANG | I - [JIGUANGClientController] Action - jpush setup
2017-08-15 14:29:54.683 | JIGUANG | I - [JIGUANGClientController] Action - setup
2017-08-15 14:29:54.695 | JIGUANG | E - [JIGUANGClientController] load aps evi error, no em provision url
2017-08-15 14:29:54.737 | JIGUANG | D - [JIGUANGService] Action - resetBadge
2017-08-15 14:29:55.095 | JIGUANG | D - [JIGUANGHttpSessionController] 获取当前设备网络的 wifi 或者 WWAN 信息
2017-08-15 14:29:55.188 | JIGUANG | D - [JIGUANGHttpSessionController] wifi 信息:{
	ssid = "洛浔体育-电脑";
	mac_address = "f4:83:cd:a9:11:42"
}
2017-08-15 14:29:55.188 | JIGUANG | D - [JIGUANGPageFlow] trySetupSession
2017-08-15 14:29:55.189 | JIGUANG | D - [JIGUANGPageFlow] setupSession
2017-08-15 14:29:55.378 | JIGUANG | D - [JIGUANGUserActiveReport] report content {
	time = "09:49:45";
	session_id = "a3eaa572aeb502079f9d7bacdc4046e4";
	duration = 503.4;
	date = "2017-07-31";
	type = "active_terminate";
	itime = 1501465785;
	activities = [
	];
	timezone = "+8"
}
2017-08-15 14:29:55.583 | JIGUANG | D - [JIGUANGHttpSessionController] Action - setupSession
2017-08-15 14:29:55.584 | JIGUANG | D - [JIGUANGPageFlow] setupSession
2017-08-15 14:29:55.591 | JIGUANG | D - [JIGUANGPageFlow] resetCurrentPage
2017-08-15 14:29:55.706 | JIGUANG | D - [JIGUANGLocationReport] wifi 信息:{
	mac_address = "f4:83:cd:a9:11:42";
	ssid = "洛浔体育-电脑"
}
2017-08-15 14:29:55.871 | JIGUANG | D - [JIGUANGService] Action - registerDeviceToken: <36d801b4 bddd2e59 783bcf35 cef0ef94 91ec09fc a444f130 4d4ad366 04f8118f>
2017-08-15 14:29:56.149 | JIGUANG | D - [JIGUANGUserDefaultsController] Action - setCurrentDeviceToken - 36d801b4bddd2e59783bcf35cef0ef9491ec09fca444f1304d4ad36604f8118f
2017-08-15 14:29:56.149 | JIGUANG | D - [JIGUANGNetworkController] Action - trySetupSession
2017-08-15 14:29:56.150 | JIGUANG | D - [JIGUANGHttpSessionController] Action - setupSession
2017-08-15 14:29:56.151 | JIGUANG | D - [JIGUANGNetworkController] userDefaut verified: 1, curNetworkStatus: 2
2017-08-15 14:29:56.151 | JIGUANG | D - [JIGUANGUtilities] JCOREPostNotificationWithUserInfo name: kJPFNetworkIsConnectingNotification (null)
2017-08-15 14:29:56.152 | JIGUANG | D - [JIGUANGSessionController] Action - connect
2017-08-15 14:29:56.152 | JIGUANG | D - [JIGUANGSessionController] Action - isSisOnProtect
2017-08-15 14:29:56.153 | JIGUANG | D - [JIGUANGSessionController] sis is not on protect
2017-08-15 14:29:56.153 | JIGUANG | D - [JIGUANGSessionController] Action - reset sis cache
2017-08-15 14:29:56.153 | JIGUANG | D - [JIGUANGAddressController] 开始Sis解析
2017-08-15 14:29:56.178 | JIGUANG | D - [JIGUANGAddressController] Action - sendSisRequest
2017-08-15 14:29:56.248 | JIGUANG | D - [JIGUANGAddressController] get address :103.229.215.61 from host : s.jpush.cn
2017-08-15 14:29:56.249 | JIGUANG | D - [JIGUANGAddressController] Action - sendSisRequest:toDefaultPort
2017-08-15 14:29:56.249 | JIGUANG | D - [JIGUANGUdpSocket] close udp socket,info:
2017-08-15 14:29:56.261 | JIGUANG | D - [JIGUANGUdpSocket] send udp data
2017-08-15 14:29:56.261 | JIGUANG | D - [JIGUANGUdpSocket] send udp data succeed
2017-08-15 14:29:56.262 | JIGUANG | D - [JIGUANGUdpSocket] udp socket begin send behavior
2017-08-15 14:29:56.336 | JIGUANG | D - [JIGUANGReport] send report:[
	{
		session_id = "7ec29fcc6e5f146bb017f4f4de254c10";
		date = "2017-08-15";
		timezone = "+8";
		type = "active_launch";
		time = "14:29:55";
		itime = 1502778595
	}
] log succed
2017-08-15 14:29:56.363 | JIGUANG | D - [JIGUANGAddressController] Action - parse
2017-08-15 14:29:54.409 | JIGUANG | D - [JIGUANGAddressController] Action - parse ips address
2017-08-15 14:29:54.851 | JIGUANG | D - [JIGUANGAddressController] Action - parseUdpReportAddress:
2017-08-15 14:29:55.006 | JIGUANG | D - [JIGUANGAddressController] Action - parseOptionAddress
2017-08-15 14:29:55.009 | JIGUANG | D - [JIGUANGUdpSocket] close udp socket,info:
2017-08-15 14:29:55.015 | JIGUANG | D - [JIGUANGAddressController] receive sis result
2017-08-15 14:29:55.023 | JIGUANG | D - [JIGUANGSessionController] Action - connectTcp:afterConnectUdp:
2017-08-15 14:29:55.026 | JIGUANG | D - [JIGUANGSessionController] Action - connectTcp:
2017-08-15 14:29:55.030 | JIGUANG | D - [JIGUANGSessionController] connectTcp:103.229.215.19:7006
2017-08-15 14:29:55.030 | JIGUANG | I - [JIGUANGSessionController] connecting with coreAddr 103.229.215.19,port 7006
2017-08-15 14:29:55.148 | JIGUANG | I - [JIGUANGBadgeNumberReport] set badge:0 succeed
2017-08-15 14:29:55.161 | JIGUANG | D - [JIGUANGReport] send report:[
	{
		time = "09:49:45";
		session_id = "a3eaa572aeb502079f9d7bacdc4046e4";
		duration = 503.4;
		date = "2017-07-31";
		type = "active_terminate";
		itime = 1501465785;
		activities = [
		];
		timezone = "+8"
	}
] log succed
2017-08-15 14:29:55.192 | JIGUANG | D - [JIGUANGReport] send report:[
	{
		type = "loc_info";
		itime = 1502778595;
		data = [
			{
				cell = [
					{
					}
				];
				wifi = [
					{
						ssid = "洛浔体育-电脑";
						mac_address = "f4:83:cd:a9:11:42"
					}
				];
				gps = [
					{
					}
				];
				itime = 1502778595
			}
		]
	}
] log succed
2017-08-15 14:29:55.201 | JIGUANG | D - [JIGUANGTcpSocket] 连接主机成功
2017-08-15 14:29:55.202 | JIGUANG | D - [JIGUANGUtilities] JCOREPostNotificationWithUserInfo name: kJPUSHNetworkDidSetupNotification (null)
2017-08-15 14:29:55.302 | JIGUANG | D - [JIGUANGSessionController] Action - connectUdp:
2017-08-15 14:29:55.304 | JIGUANG | D - [JIGUANGSessionController] Action - connectWithUdpCoreAddress:
2017-08-15 14:29:55.306 | JIGUANG | D - [JIGUANGUdpSocket] udp socket connected
2017-08-15 14:29:55.684 | JIGUANG | D - [JIGUANGSessionController] Action - doSendTcpRequest
2017-08-15 14:29:55.924 | JIGUANG | I - [JIGUANGLogin] 
----- login result -----
uid:7886420983 
registrationID:18171adc030299ef4ba
2017-08-15 14:29:55.925 | JIGUANG | D - [JIGUANGTcpSocket] Got tcp command
2017-08-15 14:29:55.925 | JIGUANG | D - [JIGUANGSessionController] Action - onAckOrRespReceived:
2017-08-15 14:29:55.926 | JIGUANG | D - [JIGUANGSessionController] Event - onLoginRespond
2017-08-15 14:29:55.927 | JIGUANG | D - [JIGUANGUtilities] JCOREPostNotificationWithUserInfo name: kJPUSHNetworkDidLoginNotification (null)
2017-08-15 14:29:55.928 | JIGUANG | D - [JIGUANGUdpSocket] send udp data
2017-08-15 14:29:55.929 | JIGUANG | D - [JIGUANGUdpSocket] send udp data succeed
2017-08-15 14:29:55.929 | JIGUANG | D - [JIGUANGUdpSocket] udp socket begin send behavior
2017-08-15 14:29:56.780 | JIGUANG | D - [JIGUANGService] Action - resetBadge
2017-08-15 14:29:57.010 | JIGUANG | I - [JIGUANGBadgeNumberReport] set badge:0 succeed
2017-08-15 14:30:00.919 | JIGUANG | D - [JIGUANGService] Action - resetBadge
2017-08-15 14:30:01.121 | JIGUANG | I - [JIGUANGBadgeNumberReport] set badge:0 succeed
2017-08-15 14:30:03.434 | JIGUANG | D - [JIGUANGService] Action - resetBadge
2017-08-15 14:30:03.836 | JIGUANG | I - [JIGUANGBadgeNumberReport] set badge:0 succeed
2017-08-15 14:30:05.286 | JIGUANG | D - [JIGUANGPageFlow] savePageFlowWithTime
2017-08-15 14:30:09.310 | JIGUANG | D - [JIGUANGService] Action - JPUSH begin Setup with appkey:95d7300332032f599feb9617 channel:App Store isProduction:FALSE advertisingIdentifier: 551293DB-2F87-49B9-881F-B742CFC88A2D
2017-08-15 14:30:09.339 | JIGUANG | I - [JIGUANGService] 
--------------------------- JPush Log ----------------------------
--------------------JPush SDK Version:3.0.0--build:13----------
--------------------JCore Lib Version:1.0.0------------
-----------------AppKey:95d7300332032f599feb9617----------------
----------------------------------------------------------------
2017-08-15 14:30:09.354 | JIGUANG | I - [JIGUANGClientController] Action - jpush setup
2017-08-15 14:30:09.385 | JIGUANG | D - [JIGUANGService] Action - resetBadge
2017-08-15 14:30:09.390 | JIGUANG | I - [JIGUANGClientController] Action - setup
2017-08-15 14:30:09.398 | JIGUANG | E - [JIGUANGClientController] load aps evi error, no em provision url
2017-08-15 14:30:09.448 | JIGUANG | D - [JIGUANGHttpSessionController] 获取当前设备网络的 wifi 或者 WWAN 信息
2017-08-15 14:30:09.453 | JIGUANG | D - [JIGUANGHttpSessionController] wifi 信息:{
	ssid = "洛浔体育-电脑";
	mac_address = "f4:83:cd:a9:11:42"
}
2017-08-15 14:30:09.453 | JIGUANG | D - [JIGUANGPageFlow] trySetupSession
2017-08-15 14:30:09.454 | JIGUANG | D - [JIGUANGPageFlow] setupSession
2017-08-15 14:30:09.608 | JIGUANG | D - [JIGUANGUserActiveReport] report content {
	time = "09:49:45";
	session_id = "a3eaa572aeb502079f9d7bacdc4046e4";
	duration = 503.4;
	date = "2017-07-31";
	type = "active_terminate";
	itime = 1501465785;
	activities = [
	];
	timezone = "+8"
}
2017-08-15 14:30:09.652 | JIGUANG | D - [JIGUANGHttpSessionController] Action - setupSession
2017-08-15 14:30:09.653 | JIGUANG | D - [JIGUANGPageFlow] setupSession
2017-08-15 14:30:09.653 | JIGUANG | D - [JIGUANGPageFlow] resetCurrentPage
2017-08-15 14:30:09.756 | JIGUANG | D - [JIGUANGService] Action - registerDeviceToken: <36d801b4 bddd2e59 783bcf35 cef0ef94 91ec09fc a444f130 4d4ad366 04f8118f>
2017-08-15 14:30:09.757 | JIGUANG | D - [JIGUANGUserDefaultsController] Action - setCurrentDeviceToken - 36d801b4bddd2e59783bcf35cef0ef9491ec09fca444f1304d4ad36604f8118f
2017-08-15 14:30:09.759 | JIGUANG | D - [JIGUANGNetworkController] Action - trySetupSession
2017-08-15 14:30:09.763 | JIGUANG | D - [JIGUANGHttpSessionController] Action - setupSession
2017-08-15 14:30:09.764 | JIGUANG | D - [JIGUANGNetworkController] userDefaut verified: 1, curNetworkStatus: 2
2017-08-15 14:30:09.766 | JIGUANG | D - [JIGUANGUtilities] JCOREPostNotificationWithUserInfo name: kJPFNetworkIsConnectingNotification (null)
2017-08-15 14:30:09.767 | JIGUANG | D - [JIGUANGSessionController] Action - connect
2017-08-15 14:30:09.772 | JIGUANG | D - [JIGUANGSessionController] Action - isSisOnProtect
2017-08-15 14:30:09.773 | JIGUANG | D - [JIGUANGSessionController] sis is not on protect
2017-08-15 14:30:09.773 | JIGUANG | D - [JIGUANGSessionController] Action - reset sis cache
2017-08-15 14:30:09.773 | JIGUANG | D - [JIGUANGAddressController] 开始Sis解析
2017-08-15 14:30:09.774 | JIGUANG | D - [JIGUANGAddressController] Action - sendSisRequest
2017-08-15 14:30:09.780 | JIGUANG | D - [JIGUANGAddressController] get address :103.229.215.61 from host : s.jpush.cn
2017-08-15 14:30:09.781 | JIGUANG | D - [JIGUANGAddressController] Action - sendSisRequest:toDefaultPort
2017-08-15 14:30:09.781 | JIGUANG | D - [JIGUANGUdpSocket] close udp socket,info:
2017-08-15 14:30:09.788 | JIGUANG | D - [JIGUANGUdpSocket] send udp data
2017-08-15 14:30:09.789 | JIGUANG | D - [JIGUANGUdpSocket] send udp data succeed
2017-08-15 14:30:09.790 | JIGUANG | D - [JIGUANGUdpSocket] udp socket begin send behavior
2017-08-15 14:30:10.043 | JIGUANG | D - [JIGUANGAddressController] Action - parse
2017-08-15 14:30:10.122 | JIGUANG | D - [JIGUANGAddressController] Action - parse ips address
2017-08-15 14:30:10.216 | JIGUANG | D - [JIGUANGAddressController] Action - parseUdpReportAddress:
2017-08-15 14:30:10.268 | JIGUANG | D - [JIGUANGAddressController] Action - parseOptionAddress
2017-08-15 14:30:10.268 | JIGUANG | D - [JIGUANGUdpSocket] close udp socket,info:
2017-08-15 14:30:10.269 | JIGUANG | D - [JIGUANGAddressController] receive sis result
2017-08-15 14:30:10.270 | JIGUANG | D - [JIGUANGSessionController] Action - connectTcp:afterConnectUdp:
2017-08-15 14:30:10.270 | JIGUANG | D - [JIGUANGSessionController] Action - connectTcp:
2017-08-15 14:30:10.271 | JIGUANG | D - [JIGUANGSessionController] connectTcp:117.121.49.74:7005
2017-08-15 14:30:10.272 | JIGUANG | I - [JIGUANGSessionController] connecting with coreAddr 117.121.49.74,port 7005
2017-08-15 14:30:10.474 | JIGUANG | D - [JIGUANGTcpSocket] 连接主机成功
2017-08-15 14:30:10.503 | JIGUANG | D - [JIGUANGUtilities] JCOREPostNotificationWithUserInfo name: kJPUSHNetworkDidSetupNotification (null)
2017-08-15 14:30:10.505 | JIGUANG | D - [JIGUANGSessionController] Action - connectUdp:
2017-08-15 14:30:10.505 | JIGUANG | D - [JIGUANGSessionController] Action - connectWithUdpCoreAddress:
2017-08-15 14:30:10.506 | JIGUANG | D - [JIGUANGUdpSocket] udp socket connected
2017-08-15 14:30:10.575 | JIGUANG | D - [JIGUANGSessionController] Action - doSendTcpRequest
2017-08-15 14:30:10.783 | JIGUANG | I - [JIGUANGLogin] 
----- login result -----
uid:7886420983 
registrationID:18171adc030299ef4ba
2017-08-15 14:30:10.785 | JIGUANG | D - [JIGUANGTcpSocket] Got tcp command
2017-08-15 14:30:10.785 | JIGUANG | D - [JIGUANGSessionController] Action - onAckOrRespReceived:
2017-08-15 14:30:10.785 | JIGUANG | D - [JIGUANGSessionController] Event - onLoginRespond
2017-08-15 14:30:10.787 | JIGUANG | D - [JIGUANGUtilities] JCOREPostNotificationWithUserInfo name: kJPUSHNetworkDidLoginNotification (null)
2017-08-15 14:30:10.788 | JIGUANG | D - [JIGUANGUdpSocket] send udp data
2017-08-15 14:30:10.788 | JIGUANG | D - [JIGUANGUdpSocket] send udp data succeed
2017-08-15 14:30:10.789 | JIGUANG | D - [JIGUANGUdpSocket] udp socket begin send behavior
2017-08-15 14:30:10.867 | JIGUANG | I - [JIGUANGBadgeNumberReport] set badge:0 succeed
2017-08-15 14:30:10.894 | JIGUANG | D - [JIGUANGReport] send report:[
	{
		session_id = "4fb02b18b641b8bc4971a1e208cb0305";
		date = "2017-08-15";
		timezone = "+8";
		type = "active_launch";
		time = "14:30:09";
		itime = 1502778609
	}
] log succed
2017-08-15 14:30:11.108 | JIGUANG | D - [JIGUANGReport] send report:[
	{
		time = "09:49:45";
		session_id = "a3eaa572aeb502079f9d7bacdc4046e4";
		duration = 503.4;
		date = "2017-07-31";
		type = "active_terminate";
		itime = 1501465785;
		activities = [
		];
		timezone = "+8"
	}
] log succed
2017-08-15 14:35:01.368 | JIGUANG | D - [JIGUANGSessionController] Action - doSendTcpRequest
2017-08-15 14:35:01.414 | JIGUANG | D - [JIGUANGTcpSocket] Got tcp command
2017-08-15 14:35:01.415 | JIGUANG | D - [JIGUANGSessionController] Action - onAckOrRespReceived:
2017-08-15 14:39:51.359 | JIGUANG | D - [JIGUANGSessionController] Action - doSendTcpRequest
2017-08-15 14:39:51.392 | JIGUANG | D - [JIGUANGTcpSocket] Got tcp command
2017-08-15 14:39:51.393 | JIGUANG | D - [JIGUANGSessionController] Action - onAckOrRespReceived:
2017-08-15 14:44:41.359 | JIGUANG | D - [JIGUANGSessionController] Action - doSendTcpRequest
2017-08-15 14:44:41.390 | JIGUANG | D - [JIGUANGTcpSocket] Got tcp command
2017-08-15 14:44:41.391 | JIGUANG | D - [JIGUANGSessionController] Action - onAckOrRespReceived:
2017-08-15 14:49:31.352 | JIGUANG | D - [JIGUANGSessionController] Action - doSendTcpRequest
2017-08-15 14:49:31.383 | JIGUANG | D - [JIGUANGTcpSocket] Got tcp command
2017-08-15 14:49:31.384 | JIGUANG | D - [JIGUANGSessionController] Action - onAckOrRespReceived:
2017-08-15 14:54:21.349 | JIGUANG | D - [JIGUANGSessionController] Action - doSendTcpRequest
2017-08-15 14:54:21.382 | JIGUANG | D - [JIGUANGTcpSocket] Got tcp command
2017-08-15 14:54:21.383 | JIGUANG | D - [JIGUANGSessionController] Action - onAckOrRespReceived:
2017-08-15 14:59:11.352 | JIGUANG | D - [JIGUANGSessionController] Action - doSendTcpRequest
2017-08-15 14:59:11.730 | JIGUANG | D - [JIGUANGTcpSocket] Got tcp command
2017-08-15 14:59:11.731 | JIGUANG | D - [JIGUANGSessionController] Action - onAckOrRespReceived:
2017-08-15 15:04:01.360 | JIGUANG | D - [JIGUANGSessionController] Action - doSendTcpRequest
2017-08-15 15:04:01.397 | JIGUANG | D - [JIGUANGTcpSocket] Got tcp command
2017-08-15 15:04:01.398 | JIGUANG | D - [JIGUANGSessionController] Action - onAckOrRespReceived:
2017-08-15 15:08:51.367 | JIGUANG | D - [JIGUANGSessionController] Action - doSendTcpRequest
2017-08-15 15:08:51.404 | JIGUANG | D - [JIGUANGTcpSocket] Got tcp command
2017-08-15 15:08:51.405 | JIGUANG | D - [JIGUANGSessionController] Action - onAckOrRespReceived:
2017-08-15 15:13:41.367 | JIGUANG | D - [JIGUANGSessionController] Action - doSendTcpRequest
2017-08-15 15:13:41.587 | JIGUANG | D - [JIGUANGTcpSocket] Got tcp command
2017-08-15 15:13:41.588 | JIGUANG | D - [JIGUANGSessionController] Action - onAckOrRespReceived:
2017-08-15 15:18:31.399 | JIGUANG | D - [JIGUANGSessionController] Action - doSendTcpRequest
2017-08-15 15:18:31.432 | JIGUANG | D - [JIGUANGTcpSocket] Got tcp command
2017-08-15 15:18:31.433 | JIGUANG | D - [JIGUANGSessionController] Action - onAckOrRespReceived:
2017-08-15 15:23:21.399 | JIGUANG | D - [JIGUANGSessionController] Action - doSendTcpRequest
2017-08-15 15:23:21.540 | JIGUANG | D - [JIGUANGTcpSocket] Got tcp command
2017-08-15 15:23:21.541 | JIGUANG | D - [JIGUANGSessionController] Action - onAckOrRespReceived:
2017-08-15 15:28:11.398 | JIGUANG | D - [JIGUANGSessionController] Action - doSendTcpRequest
2017-08-15 15:28:11.555 | JIGUANG | D - [JIGUANGTcpSocket] Got tcp command
2017-08-15 15:28:11.556 | JIGUANG | D - [JIGUANGSessionController] Action - onAckOrRespReceived:
2017-08-15 15:29:55.590 | JIGUANG | D - [JIGUANGLocationReport] wifi 信息:{
	mac_address = "f4:83:cd:a9:11:42";
	ssid = "洛浔体育-电脑"
}
2017-08-15 15:29:56.100 | JIGUANG | D - [JIGUANGReport] send report:[
	{
		type = "loc_info";
		itime = 1502782195;
		data = [
			{
				cell = [
					{
					}
				];
				wifi = [
					{
						ssid = "洛浔体育-电脑";
						mac_address = "f4:83:cd:a9:11:42"
					}
				];
				gps = [
					{
					}
				];
				itime = 1502782195
			}
		]
	}
] log succed
2017-08-15 15:33:01.367 | JIGUANG | D - [JIGUANGSessionController] Action - doSendTcpRequest
2017-08-15 15:33:01.398 | JIGUANG | D - [JIGUANGTcpSocket] Got tcp command
2017-08-15 15:33:01.399 | JIGUANG | D - [JIGUANGSessionController] Action - onAckOrRespReceived:
2017-08-15 15:37:51.369 | JIGUANG | D - [JIGUANGSessionController] Action - doSendTcpRequest
2017-08-15 15:37:51.400 | JIGUANG | D - [JIGUANGTcpSocket] Got tcp command
2017-08-15 15:37:51.401 | JIGUANG | D - [JIGUANGSessionController] Action - onAckOrRespReceived:
2017-08-15 15:42:41.366 | JIGUANG | D - [JIGUANGSessionController] Action - doSendTcpRequest
2017-08-15 15:42:41.573 | JIGUANG | D - [JIGUANGTcpSocket] Got tcp command
2017-08-15 15:42:41.575 | JIGUANG | D - [JIGUANGSessionController] Action - onAckOrRespReceived:
2017-08-15 15:47:31.360 | JIGUANG | D - [JIGUANGSessionController] Action - doSendTcpRequest
2017-08-15 15:47:31.389 | JIGUANG | D - [JIGUANGTcpSocket] Got tcp command
2017-08-15 15:47:31.389 | JIGUANG | D - [JIGUANGSessionController] Action - onAckOrRespReceived:
2017-08-15 15:52:21.360 | JIGUANG | D - [JIGUANGSessionController] Action - doSendTcpRequest
2017-08-15 15:52:21.395 | JIGUANG | D - [JIGUANGTcpSocket] Got tcp command
2017-08-15 15:52:21.396 | JIGUANG | D - [JIGUANGSessionController] Action - onAckOrRespReceived:
2017-08-15 15:57:11.360 | JIGUANG | D - [JIGUANGSessionController] Action - doSendTcpRequest
2017-08-15 15:57:11.506 | JIGUANG | D - [JIGUANGTcpSocket] Got tcp command
2017-08-15 15:57:11.507 | JIGUANG | D - [JIGUANGSessionController] Action - onAckOrRespReceived:
2017-08-15 16:02:01.360 | JIGUANG | D - [JIGUANGSessionController] Action - doSendTcpRequest
2017-08-15 16:02:01.395 | JIGUANG | D - [JIGUANGTcpSocket] Got tcp command
2017-08-15 16:02:01.396 | JIGUANG | D - [JIGUANGSessionController] Action - onAckOrRespReceived:
2017-08-15 16:06:51.359 | JIGUANG | D - [JIGUANGSessionController] Action - doSendTcpRequest
2017-08-15 16:06:51.393 | JIGUANG | D - [JIGUANGTcpSocket] Got tcp command
2017-08-15 16:06:51.394 | JIGUANG | D - [JIGUANGSessionController] Action - onAckOrRespReceived:
2017-08-15 16:11:41.373 | JIGUANG | D - [JIGUANGSessionController] Action - doSendTcpRequest
2017-08-15 16:11:41.409 | JIGUANG | D - [JIGUANGTcpSocket] Got tcp command
2017-08-15 16:11:41.410 | JIGUANG | D - [JIGUANGSessionController] Action - onAckOrRespReceived:
2017-08-15 16:16:31.371 | JIGUANG | D - [JIGUANGSessionController] Action - doSendTcpRequest
2017-08-15 16:16:31.403 | JIGUANG | D - [JIGUANGTcpSocket] Got tcp command
2017-08-15 16:16:31.404 | JIGUANG | D - [JIGUANGSessionController] Action - onAckOrRespReceived:
2017-08-15 16:21:21.377 | JIGUANG | D - [JIGUANGSessionController] Action - doSendTcpRequest
2017-08-15 16:21:21.411 | JIGUANG | D - [JIGUANGTcpSocket] Got tcp command
2017-08-15 16:21:21.412 | JIGUANG | D - [JIGUANGSessionController] Action - onAckOrRespReceived:
2017-08-15 16:26:11.374 | JIGUANG | D - [JIGUANGSessionController] Action - doSendTcpRequest
2017-08-15 16:26:11.407 | JIGUANG | D - [JIGUANGTcpSocket] Got tcp command
2017-08-15 16:26:11.408 | JIGUANG | D - [JIGUANGSessionController] Action - onAckOrRespReceived:
2017-08-15 16:31:01.367 | JIGUANG | D - [JIGUANGSessionController] Action - doSendTcpRequest
2017-08-15 16:31:01.418 | JIGUANG | D - [JIGUANGTcpSocket] Got tcp command
2017-08-15 16:31:01.419 | JIGUANG | D - [JIGUANGSessionController] Action - onAckOrRespReceived:
2017-08-15 16:35:51.363 | JIGUANG | D - [JIGUANGSessionController] Action - doSendTcpRequest
2017-08-15 16:35:51.397 | JIGUANG | D - [JIGUANGTcpSocket] Got tcp command
2017-08-15 16:35:51.398 | JIGUANG | D - [JIGUANGSessionController] Action - onAckOrRespReceived:
2017-08-15 16:40:41.372 | JIGUANG | D - [JIGUANGSessionController] Action - doSendTcpRequest
2017-08-15 16:40:41.440 | JIGUANG | D - [JIGUANGTcpSocket] Got tcp command
2017-08-15 16:40:41.441 | JIGUANG | D - [JIGUANGSessionController] Action - onAckOrRespReceived:
2017-08-15 16:45:31.348 | JIGUANG | D - [JIGUANGSessionController] Action - doSendTcpRequest
2017-08-15 16:45:31.379 | JIGUANG | D - [JIGUANGTcpSocket] Got tcp command
2017-08-15 16:45:31.380 | JIGUANG | D - [JIGUANGSessionController] Action - onAckOrRespReceived:
2017-08-15 16:50:21.345 | JIGUANG | D - [JIGUANGSessionController] Action - doSendTcpRequest
2017-08-15 16:50:21.374 | JIGUANG | D - [JIGUANGTcpSocket] Got tcp command
2017-08-15 16:50:21.375 | JIGUANG | D - [JIGUANGSessionController] Action - onAckOrRespReceived:
2017-08-15 16:55:11.346 | JIGUANG | D - [JIGUANGSessionController] Action - doSendTcpRequest
2017-08-15 16:55:11.415 | JIGUANG | D - [JIGUANGTcpSocket] Got tcp command
2017-08-15 16:55:11.416 | JIGUANG | D - [JIGUANGSessionController] Action - onAckOrRespReceived:
2017-08-15 17:00:01.348 | JIGUANG | D - [JIGUANGSessionController] Action - doSendTcpRequest
2017-08-15 17:00:01.375 | JIGUANG | D - [JIGUANGTcpSocket] Got tcp command
2017-08-15 17:00:01.376 | JIGUANG | D - [JIGUANGSessionController] Action - onAckOrRespReceived:
2017-08-15 17:04:51.361 | JIGUANG | D - [JIGUANGSessionController] Action - doSendTcpRequest
2017-08-15 17:04:51.392 | JIGUANG | D - [JIGUANGTcpSocket] Got tcp command
2017-08-15 17:04:51.393 | JIGUANG | D - [JIGUANGSessionController] Action - onAckOrRespReceived:
2017-08-15 17:09:41.362 | JIGUANG | D - [JIGUANGSessionController] Action - doSendTcpRequest
2017-08-15 17:09:41.402 | JIGUANG | D - [JIGUANGTcpSocket] Got tcp command
2017-08-15 17:09:41.402 | JIGUANG | D - [JIGUANGSessionController] Action - onAckOrRespReceived:
2017-08-15 17:14:31.359 | JIGUANG | D - [JIGUANGSessionController] Action - doSendTcpRequest
2017-08-15 17:14:31.433 | JIGUANG | D - [JIGUANGTcpSocket] Got tcp command
2017-08-15 17:14:31.434 | JIGUANG | D - [JIGUANGSessionController] Action - onAckOrRespReceived:
2017-08-15 17:19:21.359 | JIGUANG | D - [JIGUANGSessionController] Action - doSendTcpRequest
2017-08-15 17:19:21.395 | JIGUANG | D - [JIGUANGTcpSocket] Got tcp command
2017-08-15 17:19:21.396 | JIGUANG | D - [JIGUANGSessionController] Action - onAckOrRespReceived:
2017-08-15 17:24:11.381 | JIGUANG | D - [JIGUANGSessionController] Action - doSendTcpRequest
2017-08-15 17:24:11.417 | JIGUANG | D - [JIGUANGTcpSocket] Got tcp command
2017-08-15 17:24:11.417 | JIGUANG | D - [JIGUANGSessionController] Action - onAckOrRespReceived:
2017-08-15 17:29:01.374 | JIGUANG | D - [JIGUANGSessionController] Action - doSendTcpRequest
2017-08-15 17:29:01.475 | JIGUANG | D - [JIGUANGTcpSocket] Got tcp command
2017-08-15 17:29:01.476 | JIGUANG | D - [JIGUANGSessionController] Action - onAckOrRespReceived:
2017-08-15 17:33:51.370 | JIGUANG | D - [JIGUANGSessionController] Action - doSendTcpRequest
2017-08-15 17:33:51.405 | JIGUANG | D - [JIGUANGTcpSocket] Got tcp command
2017-08-15 17:33:51.405 | JIGUANG | D - [JIGUANGSessionController] Action - onAckOrRespReceived:
2017-08-15 17:38:41.367 | JIGUANG | D - [JIGUANGSessionController] Action - doSendTcpRequest
2017-08-15 17:38:41.401 | JIGUANG | D - [JIGUANGTcpSocket] Got tcp command
2017-08-15 17:38:41.402 | JIGUANG | D - [JIGUANGSessionController] Action - onAckOrRespReceived:
2017-08-15 17:43:31.366 | JIGUANG | D - [JIGUANGSessionController] Action - doSendTcpRequest
2017-08-15 17:43:31.397 | JIGUANG | D - [JIGUANGTcpSocket] Got tcp command
2017-08-15 17:43:31.398 | JIGUANG | D - [JIGUANGSessionController] Action - onAckOrRespReceived:
2017-08-15 17:48:21.368 | JIGUANG | D - [JIGUANGSessionController] Action - doSendTcpRequest
2017-08-15 17:48:21.400 | JIGUANG | D - [JIGUANGTcpSocket] Got tcp command
2017-08-15 17:48:21.401 | JIGUANG | D - [JIGUANGSessionController] Action - onAckOrRespReceived:
2017-08-15 17:53:11.367 | JIGUANG | D - [JIGUANGSessionController] Action - doSendTcpRequest
2017-08-15 17:53:11.559 | JIGUANG | D - [JIGUANGTcpSocket] Got tcp command
2017-08-15 17:53:11.560 | JIGUANG | D - [JIGUANGSessionController] Action - onAckOrRespReceived:
2017-08-15 17:58:01.369 | JIGUANG | D - [JIGUANGSessionController] Action - doSendTcpRequest
2017-08-15 17:58:01.477 | JIGUANG | D - [JIGUANGTcpSocket] Got tcp command
2017-08-15 17:58:01.478 | JIGUANG | D - [JIGUANGSessionController] Action - onAckOrRespReceived:
2017-08-15 18:02:51.365 | JIGUANG | D - [JIGUANGSessionController] Action - doSendTcpRequest
2017-08-15 18:02:51.405 | JIGUANG | D - [JIGUANGTcpSocket] Got tcp command
2017-08-15 18:02:51.406 | JIGUANG | D - [JIGUANGSessionController] Action - onAckOrRespReceived:
2017-08-15 18:07:41.372 | JIGUANG | D - [JIGUANGSessionController] Action - doSendTcpRequest
2017-08-15 18:07:41.403 | JIGUANG | D - [JIGUANGTcpSocket] Got tcp command
2017-08-15 18:07:41.404 | JIGUANG | D - [JIGUANGSessionController] Action - onAckOrRespReceived:
2017-08-15 18:12:31.372 | JIGUANG | D - [JIGUANGSessionController] Action - doSendTcpRequest
2017-08-15 18:12:31.402 | JIGUANG | D - [JIGUANGTcpSocket] Got tcp command
2017-08-15 18:12:31.403 | JIGUANG | D - [JIGUANGSessionController] Action - onAckOrRespReceived:
2017-08-15 18:17:21.371 | JIGUANG | D - [JIGUANGSessionController] Action - doSendTcpRequest
2017-08-15 18:17:21.406 | JIGUANG | D - [JIGUANGTcpSocket] Got tcp command
2017-08-15 18:17:21.407 | JIGUANG | D - [JIGUANGSessionController] Action - onAckOrRespReceived:
2017-08-15 18:22:11.363 | JIGUANG | D - [JIGUANGSessionController] Action - doSendTcpRequest
2017-08-15 18:22:11.434 | JIGUANG | D - [JIGUANGTcpSocket] Got tcp command
2017-08-15 18:22:11.435 | JIGUANG | D - [JIGUANGSessionController] Action - onAckOrRespReceived:
2017-08-15 18:22:11.744 | JIGUANG | D - [JIGUANGPageFlow] savePageFlowWithTime
2017-08-16 11:29:04.776 | JIGUANG | D - [JIGUANGSessionController] Action - doSendTcpRequest
2017-08-16 11:29:04.936 | JIGUANG | D - [JIGUANGUserActiveReport] report content {
	time = "18:22:11";
	session_id = "93392086087fe0a61317a1aeca50fafa";
	duration = 13922.3;
	date = "2017-08-15";
	type = "active_terminate";
	itime = 1502792531;
	activities = [
	];
	timezone = "+8"
}
2017-08-16 11:29:04.971 | JIGUANG | D - [JIGUANGHttpSessionController] Action - setupSession
2017-08-16 11:29:04.974 | JIGUANG | D - [JIGUANGPageFlow] setupSession
2017-08-16 11:29:04.975 | JIGUANG | D - [JIGUANGPageFlow] resetCurrentPage
2017-08-16 11:29:04.994 | JIGUANG | D - [JIGUANGLocationReport] wifi 信息:{
	mac_address = "f4:83:cd:a9:11:42";
	ssid = "洛浔体育-电脑"
}
2017-08-16 11:29:05.057 | JIGUANG | E - [JIGUANGUdpSocket] udp read error occured: errocode 57
2017-08-16 11:29:05.059 | JIGUANG | D - [JIGUANGUdpSocket] close udp socket,info:
2017-08-16 11:29:05.060 | JIGUANG | D - [JIGUANGTcpSocket] tcp send data error :32
2017-08-16 11:29:05.061 | JIGUANG | D - [JIGUANGTcpSocket] 关闭TCP连接
2017-08-16 11:29:05.064 | JIGUANG | E - [JIGUANGSessionController] did not receive udp data with error 57
2017-08-16 11:29:05.065 | JIGUANG | W - [JIGUANGSessionController] 连接被关闭
2017-08-16 11:29:05.066 | JIGUANG | W - [JIGUANGSessionController] connect close by remote
2017-08-16 11:29:05.067 | JIGUANG | D - [JIGUANGUtilities] JCOREPostNotificationWithUserInfo name: kJPUSHNetworkDidCloseNotification (null)
2017-08-16 11:29:05.068 | JIGUANG | D - [JIGUANGSessionController] Action - reenqueueSendingRequests
2017-08-16 11:29:05.117 | JIGUANG | D - [JIGUANGService] Action - resetBadge
2017-08-16 11:29:05.204 | JIGUANG | D - [JIGUANGUtilities] NetWork Check Result cunrrent netWork ipv4
2017-08-16 11:29:05.205 | JIGUANG | D - [JIGUANGSessionController] Action - startDelaySetupTimer
2017-08-16 11:29:05.206 | JIGUANG | D - [JIGUANGSessionController] session will setup delayed with time interval: 2.000000
2017-08-16 11:29:05.649 | JIGUANG | D - [JIGUANGReport] send report:[
	{
		session_id = "cb0502bf1f79543b9aa1e556d40ff342";
		date = "2017-08-16";
		timezone = "+8";
		type = "active_launch";
		time = "11:29:04";
		itime = 1502854144
	}
] log succed
2017-08-16 11:29:05.971 | JIGUANG | D - [JIGUANGReport] send report:[
	{
		time = "18:22:11";
		session_id = "93392086087fe0a61317a1aeca50fafa";
		duration = 13922.3;
		date = "2017-08-15";
		type = "active_terminate";
		itime = 1502792531;
		activities = [
		];
		timezone = "+8"
	}
] log succed
2017-08-16 11:29:05.987 | JIGUANG | I - [JIGUANGBadgeNumberReport] set badge:0 succeed
2017-08-16 11:29:06.000 | JIGUANG | D - [JIGUANGReport] send report:[
	{
		type = "loc_info";
		itime = 1502854144;
		data = [
			{
				cell = [
					{
					}
				];
				wifi = [
					{
						ssid = "洛浔体育-电脑";
						mac_address = "f4:83:cd:a9:11:42"
					}
				];
				gps = [
					{
					}
				];
				itime = 1502854144
			}
		]
	}
] log succed
2017-08-16 11:29:07.211 | JIGUANG | D - [JIGUANGUtilities] JCOREPostNotificationWithUserInfo name: kJPFNetworkIsConnectingNotification (null)
2017-08-16 11:29:07.214 | JIGUANG | D - [JIGUANGSessionController] Action - connect
2017-08-16 11:29:07.215 | JIGUANG | D - [JIGUANGSessionController] Action - isSisOnProtect
2017-08-16 11:29:07.215 | JIGUANG | D - [JIGUANGSessionController] sis is not on protect
2017-08-16 11:29:07.216 | JIGUANG | D - [JIGUANGSessionController] Action - reset sis cache
2017-08-16 11:29:07.216 | JIGUANG | D - [JIGUANGAddressController] 开始Sis解析
2017-08-16 11:29:07.217 | JIGUANG | D - [JIGUANGAddressController] Action - sendSisRequest
2017-08-16 11:29:07.225 | JIGUANG | D - [JIGUANGAddressController] get address :121.46.20.41 from host : s.jpush.cn
2017-08-16 11:29:07.226 | JIGUANG | D - [JIGUANGAddressController] Action - sendSisRequest:toDefaultPort
2017-08-16 11:29:07.226 | JIGUANG | D - [JIGUANGUdpSocket] close udp socket,info:
2017-08-16 11:29:07.236 | JIGUANG | D - [JIGUANGUdpSocket] send udp data
2017-08-16 11:29:07.238 | JIGUANG | D - [JIGUANGUdpSocket] send udp data succeed
2017-08-16 11:29:07.239 | JIGUANG | D - [JIGUANGUdpSocket] udp socket begin send behavior
2017-08-16 11:29:07.309 | JIGUANG | D - [JIGUANGAddressController] Action - parse
2017-08-16 11:29:07.378 | JIGUANG | D - [JIGUANGAddressController] Action - parse ips address
2017-08-16 11:29:07.503 | JIGUANG | D - [JIGUANGAddressController] Action - parseUdpReportAddress:
2017-08-16 11:29:07.565 | JIGUANG | D - [JIGUANGAddressController] Action - parseOptionAddress
2017-08-16 11:29:07.566 | JIGUANG | D - [JIGUANGUdpSocket] close udp socket,info:
2017-08-16 11:29:07.569 | JIGUANG | D - [JIGUANGAddressController] receive sis result
2017-08-16 11:29:07.569 | JIGUANG | D - [JIGUANGSessionController] Action - connectTcp:afterConnectUdp:
2017-08-16 11:29:07.570 | JIGUANG | D - [JIGUANGSessionController] Action - connectTcp:
2017-08-16 11:29:07.570 | JIGUANG | D - [JIGUANGSessionController] connectTcp:117.121.49.85:7003
2017-08-16 11:29:07.571 | JIGUANG | I - [JIGUANGSessionController] connecting with coreAddr 117.121.49.85,port 7003
2017-08-16 11:29:07.616 | JIGUANG | D - [JIGUANGTcpSocket] 连接主机成功
2017-08-16 11:29:07.617 | JIGUANG | D - [JIGUANGUtilities] JCOREPostNotificationWithUserInfo name: kJPUSHNetworkDidSetupNotification (null)
2017-08-16 11:29:07.618 | JIGUANG | D - [JIGUANGSessionController] Action - connectUdp:
2017-08-16 11:29:07.618 | JIGUANG | D - [JIGUANGSessionController] Action - connectWithUdpCoreAddress:
2017-08-16 11:29:07.619 | JIGUANG | D - [JIGUANGUdpSocket] udp socket connected
2017-08-16 11:29:07.671 | JIGUANG | D - [JIGUANGSessionController] Action - doSendTcpRequest
2017-08-16 11:29:07.697 | JIGUANG | I - [JIGUANGLogin] 
----- login result -----
uid:7886420983 
registrationID:18171adc030299ef4ba
2017-08-16 11:29:07.699 | JIGUANG | D - [JIGUANGTcpSocket] Got tcp command
2017-08-16 11:29:07.699 | JIGUANG | D - [JIGUANGSessionController] Action - onAckOrRespReceived:
2017-08-16 11:29:07.700 | JIGUANG | D - [JIGUANGSessionController] Event - onLoginRespond
2017-08-16 11:29:07.702 | JIGUANG | D - [JIGUANGUtilities] JCOREPostNotificationWithUserInfo name: kJPUSHNetworkDidLoginNotification (null)
2017-08-16 11:33:57.733 | JIGUANG | D - [JIGUANGSessionController] Action - doSendTcpRequest
2017-08-16 11:33:57.765 | JIGUANG | D - [JIGUANGTcpSocket] Got tcp command
2017-08-16 11:33:57.766 | JIGUANG | D - [JIGUANGSessionController] Action - onAckOrRespReceived:
2017-08-16 11:38:47.736 | JIGUANG | D - [JIGUANGSessionController] Action - doSendTcpRequest
2017-08-16 11:38:47.771 | JIGUANG | D - [JIGUANGTcpSocket] Got tcp command
2017-08-16 11:38:47.772 | JIGUANG | D - [JIGUANGSessionController] Action - onAckOrRespReceived:
2017-08-16 11:43:37.736 | JIGUANG | D - [JIGUANGSessionController] Action - doSendTcpRequest
2017-08-16 11:43:37.794 | JIGUANG | D - [JIGUANGTcpSocket] Got tcp command
2017-08-16 11:43:37.795 | JIGUANG | D - [JIGUANGSessionController] Action - onAckOrRespReceived:
2017-08-16 11:48:27.727 | JIGUANG | D - [JIGUANGSessionController] Action - doSendTcpRequest
2017-08-16 11:48:27.760 | JIGUANG | D - [JIGUANGTcpSocket] Got tcp command
2017-08-16 11:48:27.761 | JIGUANG | D - [JIGUANGSessionController] Action - onAckOrRespReceived:
2017-08-16 11:53:17.728 | JIGUANG | D - [JIGUANGSessionController] Action - doSendTcpRequest
2017-08-16 11:53:17.767 | JIGUANG | D - [JIGUANGTcpSocket] Got tcp command
2017-08-16 11:53:17.768 | JIGUANG | D - [JIGUANGSessionController] Action - onAckOrRespReceived:
2017-08-16 11:58:07.729 | JIGUANG | D - [JIGUANGSessionController] Action - doSendTcpRequest
2017-08-16 11:58:07.762 | JIGUANG | D - [JIGUANGTcpSocket] Got tcp command
2017-08-16 11:58:07.762 | JIGUANG | D - [JIGUANGSessionController] Action - onAckOrRespReceived:
2017-08-16 12:02:57.726 | JIGUANG | D - [JIGUANGSessionController] Action - doSendTcpRequest
2017-08-16 12:02:57.760 | JIGUANG | D - [JIGUANGTcpSocket] Got tcp command
2017-08-16 12:02:57.761 | JIGUANG | D - [JIGUANGSessionController] Action - onAckOrRespReceived:
2017-08-16 12:07:47.727 | JIGUANG | D - [JIGUANGSessionController] Action - doSendTcpRequest
2017-08-16 12:07:47.777 | JIGUANG | D - [JIGUANGTcpSocket] Got tcp command
2017-08-16 12:07:47.778 | JIGUANG | D - [JIGUANGSessionController] Action - onAckOrRespReceived:
2017-08-16 12:12:37.727 | JIGUANG | D - [JIGUANGSessionController] Action - doSendTcpRequest
2017-08-16 12:12:37.766 | JIGUANG | D - [JIGUANGTcpSocket] Got tcp command
2017-08-16 12:12:37.767 | JIGUANG | D - [JIGUANGSessionController] Action - onAckOrRespReceived:
2017-08-16 12:17:27.740 | JIGUANG | D - [JIGUANGSessionController] Action - doSendTcpRequest
2017-08-16 12:17:27.781 | JIGUANG | D - [JIGUANGTcpSocket] Got tcp command
2017-08-16 12:17:27.782 | JIGUANG | D - [JIGUANGSessionController] Action - onAckOrRespReceived:
2017-08-16 12:22:17.742 | JIGUANG | D - [JIGUANGSessionController] Action - doSendTcpRequest
2017-08-16 12:22:17.779 | JIGUANG | D - [JIGUANGTcpSocket] Got tcp command
2017-08-16 12:22:17.780 | JIGUANG | D - [JIGUANGSessionController] Action - onAckOrRespReceived:
2017-08-16 12:27:07.739 | JIGUANG | D - [JIGUANGSessionController] Action - doSendTcpRequest
2017-08-16 12:27:07.782 | JIGUANG | D - [JIGUANGTcpSocket] Got tcp command
2017-08-16 12:27:07.783 | JIGUANG | D - [JIGUANGSessionController] Action - onAckOrRespReceived:
2017-08-16 12:29:04.732 | JIGUANG | D - [JIGUANGService] Action - resetBadge
2017-08-16 12:29:05.066 | JIGUANG | D - [JIGUANGLocationReport] wifi 信息:{
	mac_address = "f4:83:cd:a9:11:42";
	ssid = "洛浔体育-电脑"
}
2017-08-16 12:29:05.134 | JIGUANG | I - [JIGUANGBadgeNumberReport] set badge:0 succeed
2017-08-16 12:29:05.825 | JIGUANG | D - [JIGUANGReport] send report:[
	{
		type = "loc_info";
		itime = 1502857745;
		data = [
			{
				cell = [
					{
					}
				];
				wifi = [
					{
						ssid = "洛浔体育-电脑";
						mac_address = "f4:83:cd:a9:11:42"
					}
				];
				gps = [
					{
					}
				];
				itime = 1502857745
			}
		]
	}
] log succed
2017-08-16 12:31:57.731 | JIGUANG | D - [JIGUANGSessionController] Action - doSendTcpRequest
2017-08-16 12:31:57.829 | JIGUANG | D - [JIGUANGTcpSocket] Got tcp command
2017-08-16 12:31:57.830 | JIGUANG | D - [JIGUANGSessionController] Action - onAckOrRespReceived:
2017-08-16 12:36:47.738 | JIGUANG | D - [JIGUANGSessionController] Action - doSendTcpRequest
2017-08-16 12:36:47.976 | JIGUANG | D - [JIGUANGTcpSocket] Got tcp command
2017-08-16 12:36:47.977 | JIGUANG | D - [JIGUANGSessionController] Action - onAckOrRespReceived:
2017-08-16 12:41:37.730 | JIGUANG | D - [JIGUANGSessionController] Action - doSendTcpRequest
2017-08-16 12:41:37.936 | JIGUANG | D - [JIGUANGTcpSocket] Got tcp command
2017-08-16 12:41:37.937 | JIGUANG | D - [JIGUANGSessionController] Action - onAckOrRespReceived:
2017-08-16 12:46:27.727 | JIGUANG | D - [JIGUANGSessionController] Action - doSendTcpRequest
2017-08-16 12:46:27.928 | JIGUANG | D - [JIGUANGTcpSocket] Got tcp command
2017-08-16 12:46:27.929 | JIGUANG | D - [JIGUANGSessionController] Action - onAckOrRespReceived:
2017-08-16 12:51:17.730 | JIGUANG | D - [JIGUANGSessionController] Action - doSendTcpRequest
2017-08-16 12:51:17.838 | JIGUANG | D - [JIGUANGTcpSocket] Got tcp command
2017-08-16 12:51:17.840 | JIGUANG | D - [JIGUANGSessionController] Action - onAckOrRespReceived:
2017-08-16 12:56:07.731 | JIGUANG | D - [JIGUANGSessionController] Action - doSendTcpRequest
2017-08-16 12:56:07.760 | JIGUANG | D - [JIGUANGTcpSocket] Got tcp command
2017-08-16 12:56:07.761 | JIGUANG | D - [JIGUANGSessionController] Action - onAckOrRespReceived:
2017-08-16 13:00:57.747 | JIGUANG | D - [JIGUANGSessionController] Action - doSendTcpRequest
2017-08-16 13:00:57.784 | JIGUANG | D - [JIGUANGTcpSocket] Got tcp command
2017-08-16 13:00:57.785 | JIGUANG | D - [JIGUANGSessionController] Action - onAckOrRespReceived:
2017-08-16 13:05:47.747 | JIGUANG | D - [JIGUANGSessionController] Action - doSendTcpRequest
2017-08-16 13:05:47.783 | JIGUANG | D - [JIGUANGTcpSocket] Got tcp command
2017-08-16 13:05:47.784 | JIGUANG | D - [JIGUANGSessionController] Action - onAckOrRespReceived:
2017-08-16 13:10:37.749 | JIGUANG | D - [JIGUANGSessionController] Action - doSendTcpRequest
2017-08-16 13:10:37.781 | JIGUANG | D - [JIGUANGTcpSocket] Got tcp command
2017-08-16 13:10:37.782 | JIGUANG | D - [JIGUANGSessionController] Action - onAckOrRespReceived:
2017-08-16 13:15:27.750 | JIGUANG | D - [JIGUANGSessionController] Action - doSendTcpRequest
2017-08-16 13:15:27.799 | JIGUANG | D - [JIGUANGTcpSocket] Got tcp command
2017-08-16 13:15:27.800 | JIGUANG | D - [JIGUANGSessionController] Action - onAckOrRespReceived:
2017-08-16 13:20:17.745 | JIGUANG | D - [JIGUANGSessionController] Action - doSendTcpRequest
2017-08-16 13:20:17.801 | JIGUANG | D - [JIGUANGTcpSocket] Got tcp command
2017-08-16 13:20:17.802 | JIGUANG | D - [JIGUANGSessionController] Action - onAckOrRespReceived:
2017-08-16 13:25:07.745 | JIGUANG | D - [JIGUANGSessionController] Action - doSendTcpRequest
2017-08-16 13:25:07.907 | JIGUANG | D - [JIGUANGTcpSocket] Got tcp command
2017-08-16 13:25:07.908 | JIGUANG | D - [JIGUANGSessionController] Action - onAckOrRespReceived:
2017-08-16 13:29:05.139 | JIGUANG | D - [JIGUANGLocationReport] wifi 信息:{
	mac_address = "f4:83:cd:a9:11:42";
	ssid = "洛浔体育-电脑"
}
2017-08-16 13:29:06.902 | JIGUANG | D - [JIGUANGReport] send report:[
	{
		type = "loc_info";
		itime = 1502861345;
		data = [
			{
				cell = [
					{
					}
				];
				wifi = [
					{
						ssid = "洛浔体育-电脑";
						mac_address = "f4:83:cd:a9:11:42"
					}
				];
				gps = [
					{
					}
				];
				itime = 1502861345
			}
		]
	}
] log succed
2017-08-16 13:29:57.745 | JIGUANG | D - [JIGUANGSessionController] Action - doSendTcpRequest
2017-08-16 13:29:57.778 | JIGUANG | D - [JIGUANGTcpSocket] Got tcp command
2017-08-16 13:29:57.779 | JIGUANG | D - [JIGUANGSessionController] Action - onAckOrRespReceived:
2017-08-16 13:34:47.757 | JIGUANG | D - [JIGUANGSessionController] Action - doSendTcpRequest
2017-08-16 13:34:47.793 | JIGUANG | D - [JIGUANGTcpSocket] Got tcp command
2017-08-16 13:34:47.794 | JIGUANG | D - [JIGUANGSessionController] Action - onAckOrRespReceived:
2017-08-16 13:39:37.742 | JIGUANG | D - [JIGUANGSessionController] Action - doSendTcpRequest
2017-08-16 13:39:37.878 | JIGUANG | D - [JIGUANGTcpSocket] Got tcp command
2017-08-16 13:39:37.879 | JIGUANG | D - [JIGUANGSessionController] Action - onAckOrRespReceived:
2017-08-16 13:44:27.749 | JIGUANG | D - [JIGUANGSessionController] Action - doSendTcpRequest
2017-08-16 13:44:27.786 | JIGUANG | D - [JIGUANGTcpSocket] Got tcp command
2017-08-16 13:44:27.787 | JIGUANG | D - [JIGUANGSessionController] Action - onAckOrRespReceived:
2017-08-16 13:49:17.748 | JIGUANG | D - [JIGUANGSessionController] Action - doSendTcpRequest
2017-08-16 13:49:17.783 | JIGUANG | D - [JIGUANGTcpSocket] Got tcp command
2017-08-16 13:49:17.784 | JIGUANG | D - [JIGUANGSessionController] Action - onAckOrRespReceived:
2017-08-16 13:54:07.749 | JIGUANG | D - [JIGUANGSessionController] Action - doSendTcpRequest
2017-08-16 13:54:07.783 | JIGUANG | D - [JIGUANGTcpSocket] Got tcp command
2017-08-16 13:54:07.784 | JIGUANG | D - [JIGUANGSessionController] Action - onAckOrRespReceived:
2017-08-16 13:58:57.748 | JIGUANG | D - [JIGUANGSessionController] Action - doSendTcpRequest
2017-08-16 13:58:57.790 | JIGUANG | D - [JIGUANGTcpSocket] Got tcp command
2017-08-16 13:58:57.791 | JIGUANG | D - [JIGUANGSessionController] Action - onAckOrRespReceived:
2017-08-16 14:03:47.747 | JIGUANG | D - [JIGUANGSessionController] Action - doSendTcpRequest
2017-08-16 14:03:47.862 | JIGUANG | D - [JIGUANGTcpSocket] Got tcp command
2017-08-16 14:03:47.863 | JIGUANG | D - [JIGUANGSessionController] Action - onAckOrRespReceived:
2017-08-16 14:08:37.748 | JIGUANG | D - [JIGUANGSessionController] Action - doSendTcpRequest
2017-08-16 14:08:37.779 | JIGUANG | D - [JIGUANGTcpSocket] Got tcp command
2017-08-16 14:08:37.780 | JIGUANG | D - [JIGUANGSessionController] Action - onAckOrRespReceived:
2017-08-16 14:13:27.744 | JIGUANG | D - [JIGUANGSessionController] Action - doSendTcpRequest
2017-08-16 14:13:27.776 | JIGUANG | D - [JIGUANGTcpSocket] Got tcp command
2017-08-16 14:13:27.777 | JIGUANG | D - [JIGUANGSessionController] Action - onAckOrRespReceived:
2017-08-16 14:18:17.748 | JIGUANG | D - [JIGUANGSessionController] Action - doSendTcpRequest
2017-08-16 14:18:17.797 | JIGUANG | D - [JIGUANGTcpSocket] Got tcp command
2017-08-16 14:18:17.798 | JIGUANG | D - [JIGUANGSessionController] Action - onAckOrRespReceived:
2017-08-16 14:23:07.748 | JIGUANG | D - [JIGUANGSessionController] Action - doSendTcpRequest
2017-08-16 14:23:07.787 | JIGUANG | D - [JIGUANGTcpSocket] Got tcp command
2017-08-16 14:23:07.788 | JIGUANG | D - [JIGUANGSessionController] Action - onAckOrRespReceived:
2017-08-16 14:27:57.754 | JIGUANG | D - [JIGUANGSessionController] Action - doSendTcpRequest
2017-08-16 14:27:57.940 | JIGUANG | D - [JIGUANGTcpSocket] Got tcp command
2017-08-16 14:27:57.941 | JIGUANG | D - [JIGUANGSessionController] Action - onAckOrRespReceived:
2017-08-16 14:29:05.237 | JIGUANG | D - [JIGUANGLocationReport] wifi 信息:{
	mac_address = "f4:83:cd:a9:11:42";
	ssid = "洛浔体育-电脑"
}
2017-08-16 14:29:05.922 | JIGUANG | D - [JIGUANGReport] send report:[
	{
		type = "loc_info";
		itime = 1502864945;
		data = [
			{
				cell = [
					{
					}
				];
				wifi = [
					{
						ssid = "洛浔体育-电脑";
						mac_address = "f4:83:cd:a9:11:42"
					}
				];
				gps = [
					{
					}
				];
				itime = 1502864945
			}
		]
	}
] log succed
2017-08-16 14:32:47.758 | JIGUANG | D - [JIGUANGSessionController] Action - doSendTcpRequest
2017-08-16 14:32:47.791 | JIGUANG | D - [JIGUANGTcpSocket] Got tcp command
2017-08-16 14:32:47.792 | JIGUANG | D - [JIGUANGSessionController] Action - onAckOrRespReceived:
2017-08-16 14:37:37.756 | JIGUANG | D - [JIGUANGSessionController] Action - doSendTcpRequest
2017-08-16 14:37:37.788 | JIGUANG | D - [JIGUANGTcpSocket] Got tcp command
2017-08-16 14:37:37.789 | JIGUANG | D - [JIGUANGSessionController] Action - onAckOrRespReceived:
2017-08-16 14:42:27.755 | JIGUANG | D - [JIGUANGSessionController] Action - doSendTcpRequest
2017-08-16 14:42:27.788 | JIGUANG | D - [JIGUANGTcpSocket] Got tcp command
2017-08-16 14:42:27.789 | JIGUANG | D - [JIGUANGSessionController] Action - onAckOrRespReceived:
2017-08-16 14:47:17.758 | JIGUANG | D - [JIGUANGSessionController] Action - doSendTcpRequest
2017-08-16 14:47:17.795 | JIGUANG | D - [JIGUANGTcpSocket] Got tcp command
2017-08-16 14:47:17.804 | JIGUANG | D - [JIGUANGSessionController] Action - onAckOrRespReceived:
2017-08-16 14:52:07.756 | JIGUANG | D - [JIGUANGSessionController] Action - doSendTcpRequest
2017-08-16 14:52:07.788 | JIGUANG | D - [JIGUANGTcpSocket] Got tcp command
2017-08-16 14:52:07.789 | JIGUANG | D - [JIGUANGSessionController] Action - onAckOrRespReceived:
2017-08-16 14:56:57.747 | JIGUANG | D - [JIGUANGSessionController] Action - doSendTcpRequest
2017-08-16 14:56:57.781 | JIGUANG | D - [JIGUANGTcpSocket] Got tcp command
2017-08-16 14:56:57.783 | JIGUANG | D - [JIGUANGSessionController] Action - onAckOrRespReceived:
2017-08-16 15:01:47.747 | JIGUANG | D - [JIGUANGSessionController] Action - doSendTcpRequest
2017-08-16 15:01:47.797 | JIGUANG | D - [JIGUANGTcpSocket] Got tcp command
2017-08-16 15:01:47.797 | JIGUANG | D - [JIGUANGSessionController] Action - onAckOrRespReceived:
2017-08-16 15:06:37.747 | JIGUANG | D - [JIGUANGSessionController] Action - doSendTcpRequest
2017-08-16 15:06:37.780 | JIGUANG | D - [JIGUANGTcpSocket] Got tcp command
2017-08-16 15:06:37.781 | JIGUANG | D - [JIGUANGSessionController] Action - onAckOrRespReceived:
2017-08-16 15:11:27.745 | JIGUANG | D - [JIGUANGSessionController] Action - doSendTcpRequest
2017-08-16 15:11:27.859 | JIGUANG | D - [JIGUANGTcpSocket] Got tcp command
2017-08-16 15:11:27.860 | JIGUANG | D - [JIGUANGSessionController] Action - onAckOrRespReceived:
2017-08-16 15:16:17.746 | JIGUANG | D - [JIGUANGSessionController] Action - doSendTcpRequest
2017-08-16 15:16:17.975 | JIGUANG | D - [JIGUANGTcpSocket] Got tcp command
2017-08-16 15:16:17.982 | JIGUANG | D - [JIGUANGSessionController] Action - onAckOrRespReceived:
2017-08-16 15:21:07.742 | JIGUANG | D - [JIGUANGSessionController] Action - doSendTcpRequest
2017-08-16 15:21:07.896 | JIGUANG | D - [JIGUANGTcpSocket] Got tcp command
2017-08-16 15:21:07.897 | JIGUANG | D - [JIGUANGSessionController] Action - onAckOrRespReceived:
2017-08-16 15:25:57.742 | JIGUANG | D - [JIGUANGSessionController] Action - doSendTcpRequest
2017-08-16 15:25:58.004 | JIGUANG | D - [JIGUANGTcpSocket] Got tcp command
2017-08-16 15:25:58.005 | JIGUANG | D - [JIGUANGSessionController] Action - onAckOrRespReceived:
2017-08-16 15:30:47.734 | JIGUANG | D - [JIGUANGSessionController] Action - doSendTcpRequest
2017-08-16 15:30:48.013 | JIGUANG | D - [JIGUANGTcpSocket] Got tcp command
2017-08-16 15:30:48.014 | JIGUANG | D - [JIGUANGSessionController] Action - onAckOrRespReceived:
2017-08-16 15:35:37.736 | JIGUANG | D - [JIGUANGSessionController] Action - doSendTcpRequest
2017-08-16 15:35:37.768 | JIGUANG | D - [JIGUANGTcpSocket] Got tcp command
2017-08-16 15:35:37.770 | JIGUANG | D - [JIGUANGSessionController] Action - onAckOrRespReceived:
2017-08-16 15:40:27.728 | JIGUANG | D - [JIGUANGSessionController] Action - doSendTcpRequest
2017-08-16 15:40:28.037 | JIGUANG | D - [JIGUANGTcpSocket] Got tcp command
2017-08-16 15:40:28.038 | JIGUANG | D - [JIGUANGSessionController] Action - onAckOrRespReceived:
2017-08-16 15:45:17.734 | JIGUANG | D - [JIGUANGSessionController] Action - doSendTcpRequest
2017-08-16 15:45:17.763 | JIGUANG | D - [JIGUANGTcpSocket] Got tcp command
2017-08-16 15:45:17.764 | JIGUANG | D - [JIGUANGSessionController] Action - onAckOrRespReceived:
2017-08-16 15:50:07.745 | JIGUANG | D - [JIGUANGSessionController] Action - doSendTcpRequest
2017-08-16 15:50:07.777 | JIGUANG | D - [JIGUANGTcpSocket] Got tcp command
2017-08-16 15:50:07.778 | JIGUANG | D - [JIGUANGSessionController] Action - onAckOrRespReceived:
2017-08-16 15:54:57.740 | JIGUANG | D - [JIGUANGSessionController] Action - doSendTcpRequest
2017-08-16 15:54:57.885 | JIGUANG | D - [JIGUANGTcpSocket] Got tcp command
2017-08-16 15:54:57.886 | JIGUANG | D - [JIGUANGSessionController] Action - onAckOrRespReceived:
2017-08-16 15:59:47.745 | JIGUANG | D - [JIGUANGSessionController] Action - doSendTcpRequest
2017-08-16 15:59:47.776 | JIGUANG | D - [JIGUANGTcpSocket] Got tcp command
2017-08-16 15:59:47.778 | JIGUANG | D - [JIGUANGSessionController] Action - onAckOrRespReceived:
2017-08-16 16:04:37.743 | JIGUANG | D - [JIGUANGSessionController] Action - doSendTcpRequest
2017-08-16 16:04:37.779 | JIGUANG | D - [JIGUANGTcpSocket] Got tcp command
2017-08-16 16:04:37.780 | JIGUANG | D - [JIGUANGSessionController] Action - onAckOrRespReceived:
2017-08-16 16:09:27.743 | JIGUANG | D - [JIGUANGSessionController] Action - doSendTcpRequest
2017-08-16 16:09:27.777 | JIGUANG | D - [JIGUANGTcpSocket] Got tcp command
2017-08-16 16:09:27.779 | JIGUANG | D - [JIGUANGSessionController] Action - onAckOrRespReceived:
2017-08-16 16:14:17.743 | JIGUANG | D - [JIGUANGSessionController] Action - doSendTcpRequest
2017-08-16 16:14:17.775 | JIGUANG | D - [JIGUANGTcpSocket] Got tcp command
2017-08-16 16:14:17.776 | JIGUANG | D - [JIGUANGSessionController] Action - onAckOrRespReceived:
2017-08-16 16:19:07.744 | JIGUANG | D - [JIGUANGSessionController] Action - doSendTcpRequest
2017-08-16 16:19:07.772 | JIGUANG | D - [JIGUANGTcpSocket] Got tcp command
2017-08-16 16:19:07.773 | JIGUANG | D - [JIGUANGSessionController] Action - onAckOrRespReceived:
2017-08-16 16:23:57.743 | JIGUANG | D - [JIGUANGSessionController] Action - doSendTcpRequest
2017-08-16 16:23:57.775 | JIGUANG | D - [JIGUANGTcpSocket] Got tcp command
2017-08-16 16:23:57.776 | JIGUANG | D - [JIGUANGSessionController] Action - onAckOrRespReceived:
2017-08-16 16:28:47.740 | JIGUANG | D - [JIGUANGSessionController] Action - doSendTcpRequest
2017-08-16 16:28:47.775 | JIGUANG | D - [JIGUANGTcpSocket] Got tcp command
2017-08-16 16:28:47.776 | JIGUANG | D - [JIGUANGSessionController] Action - onAckOrRespReceived:
2017-08-16 16:33:37.744 | JIGUANG | D - [JIGUANGSessionController] Action - doSendTcpRequest
2017-08-16 16:33:37.778 | JIGUANG | D - [JIGUANGTcpSocket] Got tcp command
2017-08-16 16:33:37.779 | JIGUANG | D - [JIGUANGSessionController] Action - onAckOrRespReceived:
2017-08-16 16:38:27.745 | JIGUANG | D - [JIGUANGSessionController] Action - doSendTcpRequest
2017-08-16 16:38:27.777 | JIGUANG | D - [JIGUANGTcpSocket] Got tcp command
2017-08-16 16:38:27.778 | JIGUANG | D - [JIGUANGSessionController] Action - onAckOrRespReceived:
2017-08-16 16:43:17.746 | JIGUANG | D - [JIGUANGSessionController] Action - doSendTcpRequest
2017-08-16 16:43:17.785 | JIGUANG | D - [JIGUANGTcpSocket] Got tcp command
2017-08-16 16:43:17.785 | JIGUANG | D - [JIGUANGSessionController] Action - onAckOrRespReceived:
2017-08-16 16:48:07.746 | JIGUANG | D - [JIGUANGSessionController] Action - doSendTcpRequest
2017-08-16 16:48:07.947 | JIGUANG | D - [JIGUANGTcpSocket] Got tcp command
2017-08-16 16:48:07.948 | JIGUANG | D - [JIGUANGSessionController] Action - onAckOrRespReceived:
2017-08-16 16:52:57.740 | JIGUANG | D - [JIGUANGSessionController] Action - doSendTcpRequest
2017-08-16 16:52:57.772 | JIGUANG | D - [JIGUANGTcpSocket] Got tcp command
2017-08-16 16:52:57.773 | JIGUANG | D - [JIGUANGSessionController] Action - onAckOrRespReceived:
2017-08-16 16:57:47.740 | JIGUANG | D - [JIGUANGSessionController] Action - doSendTcpRequest
2017-08-16 16:57:47.773 | JIGUANG | D - [JIGUANGTcpSocket] Got tcp command
2017-08-16 16:57:47.774 | JIGUANG | D - [JIGUANGSessionController] Action - onAckOrRespReceived:
2017-08-16 17:02:37.737 | JIGUANG | D - [JIGUANGSessionController] Action - doSendTcpRequest
2017-08-16 17:02:37.769 | JIGUANG | D - [JIGUANGTcpSocket] Got tcp command
2017-08-16 17:02:37.771 | JIGUANG | D - [JIGUANGSessionController] Action - onAckOrRespReceived:
2017-08-16 17:07:27.742 | JIGUANG | D - [JIGUANGSessionController] Action - doSendTcpRequest
2017-08-16 17:07:27.787 | JIGUANG | D - [JIGUANGTcpSocket] Got tcp command
2017-08-16 17:07:27.788 | JIGUANG | D - [JIGUANGSessionController] Action - onAckOrRespReceived:
2017-08-16 17:12:17.741 | JIGUANG | D - [JIGUANGSessionController] Action - doSendTcpRequest
2017-08-16 17:12:17.798 | JIGUANG | D - [JIGUANGTcpSocket] Got tcp command
2017-08-16 17:12:17.799 | JIGUANG | D - [JIGUANGSessionController] Action - onAckOrRespReceived:
2017-08-16 17:17:07.741 | JIGUANG | D - [JIGUANGSessionController] Action - doSendTcpRequest
2017-08-16 17:17:07.791 | JIGUANG | D - [JIGUANGTcpSocket] Got tcp command
2017-08-16 17:17:07.792 | JIGUANG | D - [JIGUANGSessionController] Action - onAckOrRespReceived:
2017-08-16 17:21:57.740 | JIGUANG | D - [JIGUANGSessionController] Action - doSendTcpRequest
2017-08-16 17:21:57.972 | JIGUANG | D - [JIGUANGTcpSocket] Got tcp command
2017-08-16 17:21:57.973 | JIGUANG | D - [JIGUANGSessionController] Action - onAckOrRespReceived:
2017-08-16 17:26:47.743 | JIGUANG | D - [JIGUANGSessionController] Action - doSendTcpRequest
2017-08-16 17:26:47.774 | JIGUANG | D - [JIGUANGTcpSocket] Got tcp command
2017-08-16 17:26:47.775 | JIGUANG | D - [JIGUANGSessionController] Action - onAckOrRespReceived:
2017-08-16 17:31:37.737 | JIGUANG | D - [JIGUANGSessionController] Action - doSendTcpRequest
2017-08-16 17:31:37.775 | JIGUANG | D - [JIGUANGTcpSocket] Got tcp command
2017-08-16 17:31:37.776 | JIGUANG | D - [JIGUANGSessionController] Action - onAckOrRespReceived:
2017-08-16 17:35:40.493 | JIGUANG | D - [JIGUANGPageFlow] savePageFlowWithTime
